This is pdfTeX, Version 3.14159265-2.6-1.40.19 (MiKTeX 2.9.6840 64-bit) (preloaded format=pdflatex 2018.10.18)  20 MAY 2019 22:22
entering extended mode
**./thesis_template.tex
(thesis_template.tex
LaTeX2e <2018-04-01> patch level 5
("C:\Users\Gabrel\AppData\Local\Programs\MiKTeX 2.9\tex\latex\base\report.cls"
Document Class: report 2014/09/29 v1.4h Standard LaTeX document class
("C:\Users\Gabrel\AppData\Local\Programs\MiKTeX 2.9\tex\latex\base\size12.clo"
File: size12.clo 2014/09/29 v1.4h Standard LaTeX file (size option)
)
\c@part=\count80
\c@chapter=\count81
\c@section=\count82
\c@subsection=\count83
\c@subsubsection=\count84
\c@paragraph=\count85
\c@subparagraph=\count86
\c@figure=\count87
\c@table=\count88
\abovecaptionskip=\skip41
\belowcaptionskip=\skip42
\bibindent=\dimen102
)
("C:\Users\Gabrel\AppData\Local\Programs\MiKTeX 2.9\tex\generic\babel\babel.sty
"
Package: babel 2018/10/03 3.25 The Babel package

("C:\Users\Gabrel\AppData\Local\Programs\MiKTeX 2.9\tex\generic\babel\switch.de
f"
File: switch.def 2018/10/03 3.25 Babel switching mechanism
)
*************************************
* Local config file bblopts.cfg used
*
("C:\Users\Gabrel\AppData\Local\Programs\MiKTeX 2.9\tex\latex\arabi\bblopts.cfg
"
File: bblopts.cfg 2005/09/08 v0.1 add Arabic and Farsi to "declared" options of
 babel
)
("C:\Users\Gabrel\AppData\Local\Programs\MiKTeX 2.9\tex\latex\babel-english\eng
lish.ldf"
Language: english 2017/06/06 v3.3r English support from the babel system

("C:\Users\Gabrel\AppData\Local\Programs\MiKTeX 2.9\tex\generic\babel\babel.def
"
File: babel.def 2018/10/03 3.25 Babel common definitions
\babel@savecnt=\count89
\U@D=\dimen103

("C:\Users\Gabrel\AppData\Local\Programs\MiKTeX 2.9\tex\generic\babel\txtbabel.
def")
\bbl@dirlevel=\count90
)
\l@canadian = a dialect from \language\l@american 
\l@australian = a dialect from \language\l@british 
\l@newzealand = a dialect from \language\l@british 
))
("C:\Users\Gabrel\AppData\Local\Programs\MiKTeX 2.9\tex\latex\base\inputenc.sty
"
Package: inputenc 2018/04/06 v1.3b Input encoding file
\inpenc@prehook=\toks14
\inpenc@posthook=\toks15
)
("C:\Users\Gabrel\AppData\Local\Programs\MiKTeX 2.9\tex\latex\geometry\geometry
.sty"
Package: geometry 2018/04/16 v5.8 Page Geometry

("C:\Users\Gabrel\AppData\Local\Programs\MiKTeX 2.9\tex\latex\graphics\keyval.s
ty"
Package: keyval 2014/10/28 v1.15 key=value parser (DPC)
\KV@toks@=\toks16
)
("C:\Users\Gabrel\AppData\Local\Programs\MiKTeX 2.9\tex\generic\oberdiek\ifpdf.
sty"
Package: ifpdf 2018/09/07 v3.3 Provides the ifpdf switch
)
("C:\Users\Gabrel\AppData\Local\Programs\MiKTeX 2.9\tex\generic\oberdiek\ifvtex
.sty"
Package: ifvtex 2016/05/16 v1.6 Detect VTeX and its facilities (HO)
Package ifvtex Info: VTeX not detected.
)
("C:\Users\Gabrel\AppData\Local\Programs\MiKTeX 2.9\tex\generic\ifxetex\ifxetex
.sty"
Package: ifxetex 2010/09/12 v0.6 Provides ifxetex conditional
)
\Gm@cnth=\count91
\Gm@cntv=\count92
\c@Gm@tempcnt=\count93
\Gm@bindingoffset=\dimen104
\Gm@wd@mp=\dimen105
\Gm@odd@mp=\dimen106
\Gm@even@mp=\dimen107
\Gm@layoutwidth=\dimen108
\Gm@layoutheight=\dimen109
\Gm@layouthoffset=\dimen110
\Gm@layoutvoffset=\dimen111
\Gm@dimlist=\toks17

("C:\Users\Gabrel\AppData\Local\Programs\MiKTeX 2.9\tex\latex\geometry\geometry
.cfg"))
("C:\Users\Gabrel\AppData\Local\Programs\MiKTeX 2.9\tex\latex\appendix\appendix
.sty"
Package: appendix 2009/09/02 v1.2b extra appendix facilities
\c@@pps=\count94
\c@@ppsavesec=\count95
\c@@ppsaveapp=\count96
)
("C:\Users\Gabrel\AppData\Local\Programs\MiKTeX 2.9\tex\latex\amsmath\amsmath.s
ty"
Package: amsmath 2017/09/02 v2.17a AMS math features
\@mathmargin=\skip43

For additional information on amsmath, use the `?' option.

("C:\Users\Gabrel\AppData\Local\Programs\MiKTeX 2.9\tex\latex\amsmath\amstext.s
ty"
Package: amstext 2000/06/29 v2.01 AMS text

("C:\Users\Gabrel\AppData\Local\Programs\MiKTeX 2.9\tex\latex\amsmath\amsgen.st
y"
File: amsgen.sty 1999/11/30 v2.0 generic functions
\@emptytoks=\toks18
\ex@=\dimen112
))
("C:\Users\Gabrel\AppData\Local\Programs\MiKTeX 2.9\tex\latex\amsmath\amsbsy.st
y"
Package: amsbsy 1999/11/29 v1.2d Bold Symbols
\pmbraise@=\dimen113
)
("C:\Users\Gabrel\AppData\Local\Programs\MiKTeX 2.9\tex\latex\amsmath\amsopn.st
y"
Package: amsopn 2016/03/08 v2.02 operator names
)
\inf@bad=\count97
LaTeX Info: Redefining \frac on input line 213.
\uproot@=\count98
\leftroot@=\count99
LaTeX Info: Redefining \overline on input line 375.
\classnum@=\count100
\DOTSCASE@=\count101
LaTeX Info: Redefining \ldots on input line 472.
LaTeX Info: Redefining \dots on input line 475.
LaTeX Info: Redefining \cdots on input line 596.
\Mathstrutbox@=\box26
\strutbox@=\box27
\big@size=\dimen114
LaTeX Font Info:    Redeclaring font encoding OML on input line 712.
LaTeX Font Info:    Redeclaring font encoding OMS on input line 713.
\macc@depth=\count102
\c@MaxMatrixCols=\count103
\dotsspace@=\muskip10
\c@parentequation=\count104
\dspbrk@lvl=\count105
\tag@help=\toks19
\row@=\count106
\column@=\count107
\maxfields@=\count108
\andhelp@=\toks20
\eqnshift@=\dimen115
\alignsep@=\dimen116
\tagshift@=\dimen117
\tagwidth@=\dimen118
\totwidth@=\dimen119
\lineht@=\dimen120
\@envbody=\toks21
\multlinegap=\skip44
\multlinetaggap=\skip45
\mathdisplay@stack=\toks22
LaTeX Info: Redefining \[ on input line 2817.
LaTeX Info: Redefining \] on input line 2818.
)
("C:\Users\Gabrel\AppData\Local\Programs\MiKTeX 2.9\tex\latex\graphics\graphicx
.sty"
Package: graphicx 2017/06/01 v1.1a Enhanced LaTeX Graphics (DPC,SPQR)

("C:\Users\Gabrel\AppData\Local\Programs\MiKTeX 2.9\tex\latex\graphics\graphics
.sty"
Package: graphics 2017/06/25 v1.2c Standard LaTeX Graphics (DPC,SPQR)

("C:\Users\Gabrel\AppData\Local\Programs\MiKTeX 2.9\tex\latex\graphics\trig.sty
"
Package: trig 2016/01/03 v1.10 sin cos tan (DPC)
)
("C:\Users\Gabrel\AppData\Local\Programs\MiKTeX 2.9\tex\latex\graphics-cfg\grap
hics.cfg"
File: graphics.cfg 2016/06/04 v1.11 sample graphics configuration
)
Package graphics Info: Driver file: pdftex.def on input line 99.

("C:\Users\Gabrel\AppData\Local\Programs\MiKTeX 2.9\tex\latex\graphics-def\pdft
ex.def"
File: pdftex.def 2018/01/08 v1.0l Graphics/color driver for pdftex
))
\Gin@req@height=\dimen121
\Gin@req@width=\dimen122
)
("C:\Users\Gabrel\AppData\Local\Programs\MiKTeX 2.9\tex\latex\float\float.sty"
Package: float 2001/11/08 v1.3d Float enhancements (AL)
\c@float@type=\count109
\float@exts=\toks23
\float@box=\box28
\@float@everytoks=\toks24
\@floatcapt=\box29
)
("C:\Users\Gabrel\AppData\Local\Programs\MiKTeX 2.9\tex\latex\adjustbox\adjustb
ox.sty"
Package: adjustbox 2019/01/04 v1.2 Adjusting TeX boxes (trim, clip, ...)

("C:\Users\Gabrel\AppData\Local\Programs\MiKTeX 2.9\tex\latex\xkeyval\xkeyval.s
ty"
Package: xkeyval 2014/12/03 v2.7a package option processing (HA)

("C:\Users\Gabrel\AppData\Local\Programs\MiKTeX 2.9\tex\generic\xkeyval\xkeyval
.tex"
("C:\Users\Gabrel\AppData\Local\Programs\MiKTeX 2.9\tex\generic\xkeyval\xkvutil
s.tex"
\XKV@toks=\toks25
\XKV@tempa@toks=\toks26
)
\XKV@depth=\count110
File: xkeyval.tex 2014/12/03 v2.7a key=value parser (HA)
))
("C:\Users\Gabrel\AppData\Local\Programs\MiKTeX 2.9\tex\latex\adjustbox\adjcalc
.sty"
Package: adjcalc 2012/05/16 v1.1 Provides advanced setlength with multiple back
-ends (calc, etex, pgfmath)
)
("C:\Users\Gabrel\AppData\Local\Programs\MiKTeX 2.9\tex\latex\adjustbox\trimcli
p.sty"
Package: trimclip 2018/04/08 v1.1 Trim and clip general TeX material

("C:\Users\Gabrel\AppData\Local\Programs\MiKTeX 2.9\tex\latex\collectbox\collec
tbox.sty"
Package: collectbox 2012/05/17 v0.4b Collect macro arguments as boxes
\collectedbox=\box30
)
\tc@llx=\dimen123
\tc@lly=\dimen124
\tc@urx=\dimen125
\tc@ury=\dimen126
Package trimclip Info: Using driver 'tc-pdftex.def'.

("C:\Users\Gabrel\AppData\Local\Programs\MiKTeX 2.9\tex\latex\adjustbox\tc-pdft
ex.def"
File: tc-pdftex.def 2019/01/04 v2.2 Clipping driver for pdftex
))
\adjbox@Width=\dimen127
\adjbox@Height=\dimen128
\adjbox@Depth=\dimen129
\adjbox@Totalheight=\dimen130
\adjbox@pwidth=\dimen131
\adjbox@pheight=\dimen132
\adjbox@pdepth=\dimen133
\adjbox@ptotalheight=\dimen134

("C:\Users\Gabrel\AppData\Local\Programs\MiKTeX 2.9\tex\latex\ifoddpage\ifoddpa
ge.sty"
Package: ifoddpage 2016/04/23 v1.1 Conditionals for odd/even page detection
\c@checkoddpage=\count111
)
("C:\Users\Gabrel\AppData\Local\Programs\MiKTeX 2.9\tex\latex\varwidth\varwidth
.sty"
Package: varwidth 2009/03/30 ver 0.92;  Variable-width minipages
\@vwid@box=\box31
\sift@deathcycles=\count112
\@vwid@loff=\dimen135
\@vwid@roff=\dimen136
))
("C:\Users\Gabrel\AppData\Local\Programs\MiKTeX 2.9\tex\latex\preprint\fullpage
.sty"
Package: fullpage 1999/02/23 1.1 (PWD)
\FP@margin=\skip46
) ("C:\Users\Gabrel\AppData\Local\Programs\MiKTeX 2.9\tex\latex\url\url.sty"
\Urlmuskip=\muskip11
Package: url 2013/09/16  ver 3.4  Verb mode for urls, etc.
)
("C:\Users\Gabrel\AppData\Local\Programs\MiKTeX 2.9\tex\latex\listings\listings
.sty"
\lst@mode=\count113
\lst@gtempboxa=\box32
\lst@token=\toks27
\lst@length=\count114
\lst@currlwidth=\dimen137
\lst@column=\count115
\lst@pos=\count116
\lst@lostspace=\dimen138
\lst@width=\dimen139
\lst@newlines=\count117
\lst@lineno=\count118
\lst@maxwidth=\dimen140

("C:\Users\Gabrel\AppData\Local\Programs\MiKTeX 2.9\tex\latex\listings\lstmisc.
sty"
File: lstmisc.sty 2018/09/02 1.7 (Carsten Heinz)
\c@lstnumber=\count119
\lst@skipnumbers=\count120
\lst@framebox=\box33
)
("C:\Users\Gabrel\AppData\Local\Programs\MiKTeX 2.9\tex\latex\listings\listings
.cfg"
File: listings.cfg 2018/09/02 1.7 listings configuration
))
Package: listings 2018/09/02 1.7 (Carsten Heinz)

("C:\Users\Gabrel\AppData\Local\Programs\MiKTeX 2.9\tex\latex\tools\verbatim.st
y"
Package: verbatim 2014/10/28 v1.5q LaTeX2e package for verbatim enhancements
\every@verbatim=\toks28
\verbatim@line=\toks29
\verbatim@in@stream=\read1
)
("C:\Users\Gabrel\AppData\Local\Programs\MiKTeX 2.9\tex\latex\graphics\color.st
y"
Package: color 2016/07/10 v1.1e Standard LaTeX Color (DPC)

("C:\Users\Gabrel\AppData\Local\Programs\MiKTeX 2.9\tex\latex\graphics-cfg\colo
r.cfg"
File: color.cfg 2016/01/02 v1.6 sample color configuration
)
Package color Info: Driver file: pdftex.def on input line 147.
)
("C:\Users\Gabrel\AppData\Local\Programs\MiKTeX 2.9\tex\latex\biblatex\biblatex
.sty"
Package: biblatex 2018/11/02 v3.12 programmable bibliographies (PK/MW)

("C:\Users\Gabrel\AppData\Local\Programs\MiKTeX 2.9\tex\generic\oberdiek\pdftex
cmds.sty"
Package: pdftexcmds 2018/09/10 v0.29 Utility functions of pdfTeX for LuaTeX (HO
)

("C:\Users\Gabrel\AppData\Local\Programs\MiKTeX 2.9\tex\generic\oberdiek\infwar
err.sty"
Package: infwarerr 2016/05/16 v1.4 Providing info/warning/error messages (HO)
)
("C:\Users\Gabrel\AppData\Local\Programs\MiKTeX 2.9\tex\generic\oberdiek\ifluat
ex.sty"
Package: ifluatex 2016/05/16 v1.4 Provides the ifluatex switch (HO)
Package ifluatex Info: LuaTeX not detected.
)
("C:\Users\Gabrel\AppData\Local\Programs\MiKTeX 2.9\tex\generic\oberdiek\ltxcmd
s.sty"
Package: ltxcmds 2016/05/16 v1.23 LaTeX kernel commands for general use (HO)
)
Package pdftexcmds Info: LuaTeX not detected.
Package pdftexcmds Info: \pdf@primitive is available.
Package pdftexcmds Info: \pdf@ifprimitive is available.
Package pdftexcmds Info: \pdfdraftmode found.
)
("C:\Users\Gabrel\AppData\Local\Programs\MiKTeX 2.9\tex\latex\etoolbox\etoolbox
.sty"
Package: etoolbox 2018/08/19 v2.5f e-TeX tools for LaTeX (JAW)
\etb@tempcnta=\count121
)
("C:\Users\Gabrel\AppData\Local\Programs\MiKTeX 2.9\tex\latex\oberdiek\kvoption
s.sty"
Package: kvoptions 2016/05/16 v3.12 Key value format for package options (HO)

("C:\Users\Gabrel\AppData\Local\Programs\MiKTeX 2.9\tex\generic\oberdiek\kvsetk
eys.sty"
Package: kvsetkeys 2016/05/16 v1.17 Key value parser (HO)

("C:\Users\Gabrel\AppData\Local\Programs\MiKTeX 2.9\tex\generic\oberdiek\etexcm
ds.sty"
Package: etexcmds 2016/05/16 v1.6 Avoid name clashes with e-TeX commands (HO)
Package etexcmds Info: Could not find \expanded.
(etexcmds)             That can mean that you are not using pdfTeX 1.50 or
(etexcmds)             that some package has redefined \expanded.
(etexcmds)             In the latter case, load this package earlier.
)))
("C:\Users\Gabrel\AppData\Local\Programs\MiKTeX 2.9\tex\latex\logreq\logreq.sty
"
Package: logreq 2010/08/04 v1.0 xml request logger
\lrq@indent=\count122

("C:\Users\Gabrel\AppData\Local\Programs\MiKTeX 2.9\tex\latex\logreq\logreq.def
"
File: logreq.def 2010/08/04 v1.0 logreq spec v1.0
))
("C:\Users\Gabrel\AppData\Local\Programs\MiKTeX 2.9\tex\latex\base\ifthen.sty"
Package: ifthen 2014/09/29 v1.1c Standard LaTeX ifthen package (DPC)
)
\c@tabx@nest=\count123
\c@listtotal=\count124
\c@listcount=\count125
\c@liststart=\count126
\c@liststop=\count127
\c@citecount=\count128
\c@citetotal=\count129
\c@multicitecount=\count130
\c@multicitetotal=\count131
\c@instcount=\count132
\c@maxnames=\count133
\c@minnames=\count134
\c@maxitems=\count135
\c@minitems=\count136
\c@citecounter=\count137
\c@maxcitecounter=\count138
\c@savedcitecounter=\count139
\c@uniquelist=\count140
\c@uniquename=\count141
\c@refsection=\count142
\c@refsegment=\count143
\c@maxextratitle=\count144
\c@maxextratitleyear=\count145
\c@maxextraname=\count146
\c@maxextradate=\count147
\c@maxextraalpha=\count148
\c@abbrvpenalty=\count149
\c@highnamepenalty=\count150
\c@lownamepenalty=\count151
\c@maxparens=\count152
\c@parenlevel=\count153
\blx@tempcnta=\count154
\blx@tempcntb=\count155
\blx@tempcntc=\count156
\blx@maxsection=\count157
\blx@maxsegment@0=\count158
\blx@notetype=\count159
\blx@parenlevel@text=\count160
\blx@parenlevel@foot=\count161
\blx@sectionciteorder@0=\count162
\blx@entrysetcounter=\count163
\labelnumberwidth=\skip47
\labelalphawidth=\skip48
\biblabelsep=\skip49
\bibitemsep=\skip50
\bibnamesep=\skip51
\bibinitsep=\skip52
\bibparsep=\skip53
\bibhang=\skip54
\blx@bcfin=\read2
\blx@bcfout=\write3
\c@mincomprange=\count164
\c@maxcomprange=\count165
\c@mincompwidth=\count166
Package biblatex Info: Trying to load biblatex default data model...
Package biblatex Info: ... file 'blx-dm.def' found.

("C:\Users\Gabrel\AppData\Local\Programs\MiKTeX 2.9\tex\latex\biblatex\blx-dm.d
ef"
File: blx-dm.def 2018/11/02 v3.12 biblatex localization (PK/MW)
)
Package biblatex Info: Trying to load biblatex custom data model...
Package biblatex Info: ... file 'biblatex-dm.cfg' not found.
\c@afterword=\count167
\c@savedafterword=\count168
\c@annotator=\count169
\c@savedannotator=\count170
\c@author=\count171
\c@savedauthor=\count172
\c@bookauthor=\count173
\c@savedbookauthor=\count174
\c@commentator=\count175
\c@savedcommentator=\count176
\c@editor=\count177
\c@savededitor=\count178
\c@editora=\count179
\c@savededitora=\count180
\c@editorb=\count181
\c@savededitorb=\count182
\c@editorc=\count183
\c@savededitorc=\count184
\c@foreword=\count185
\c@savedforeword=\count186
\c@holder=\count187
\c@savedholder=\count188
\c@introduction=\count189
\c@savedintroduction=\count190
\c@namea=\count191
\c@savednamea=\count192
\c@nameb=\count193
\c@savednameb=\count194
\c@namec=\count195
\c@savednamec=\count196
\c@translator=\count197
\c@savedtranslator=\count198
\c@shortauthor=\count199
\c@savedshortauthor=\count266
\c@shorteditor=\count267
\c@savedshorteditor=\count268
\c@labelname=\count269
\c@savedlabelname=\count270
\c@institution=\count271
\c@savedinstitution=\count272
\c@lista=\count273
\c@savedlista=\count274
\c@listb=\count275
\c@savedlistb=\count276
\c@listc=\count277
\c@savedlistc=\count278
\c@listd=\count279
\c@savedlistd=\count280
\c@liste=\count281
\c@savedliste=\count282
\c@listf=\count283
\c@savedlistf=\count284
\c@location=\count285
\c@savedlocation=\count286
\c@organization=\count287
\c@savedorganization=\count288
\c@origlocation=\count289
\c@savedoriglocation=\count290
\c@origpublisher=\count291
\c@savedorigpublisher=\count292
\c@publisher=\count293
\c@savedpublisher=\count294
\c@language=\count295
\c@savedlanguage=\count296
\c@origlanguage=\count297
\c@savedoriglanguage=\count298
\c@pageref=\count299
\c@savedpageref=\count300
\shorthandwidth=\skip55
\shortjournalwidth=\skip56
\shortserieswidth=\skip57
\shorttitlewidth=\skip58
\shortauthorwidth=\skip59
\shorteditorwidth=\skip60
\locallabelnumberwidth=\skip61
\locallabelalphawidth=\skip62
\localshorthandwidth=\skip63
\localshortjournalwidth=\skip64
\localshortserieswidth=\skip65
\localshorttitlewidth=\skip66
\localshortauthorwidth=\skip67
\localshorteditorwidth=\skip68
Package biblatex Info: Trying to load compatibility code...
Package biblatex Info: ... file 'blx-compat.def' found.

("C:\Users\Gabrel\AppData\Local\Programs\MiKTeX 2.9\tex\latex\biblatex\blx-comp
at.def"
File: blx-compat.def 2018/11/02 v3.12 biblatex compatibility (PK/MW)
)
Package biblatex Info: Trying to load generic definitions...
Package biblatex Info: ... file 'biblatex.def' found.

("C:\Users\Gabrel\AppData\Local\Programs\MiKTeX 2.9\tex\latex\biblatex\biblatex
.def"
File: biblatex.def 2018/11/02 v3.12 biblatex compatibility (PK/MW)
\c@textcitecount=\count301
\c@textcitetotal=\count302
\c@textcitemaxnames=\count303
\c@biburlnumpenalty=\count304
\c@biburlucpenalty=\count305
\c@biburllcpenalty=\count306
\c@smartand=\count307
)
Package biblatex Info: Trying to load bibliography style 'numeric'...
Package biblatex Info: ... file 'numeric.bbx' found.

("C:\Users\Gabrel\AppData\Local\Programs\MiKTeX 2.9\tex\latex\biblatex\bbx\nume
ric.bbx"
File: numeric.bbx 2018/11/02 v3.12 biblatex bibliography style (PK/MW)
Package biblatex Info: Trying to load bibliography style 'standard'...
Package biblatex Info: ... file 'standard.bbx' found.

("C:\Users\Gabrel\AppData\Local\Programs\MiKTeX 2.9\tex\latex\biblatex\bbx\stan
dard.bbx"
File: standard.bbx 2018/11/02 v3.12 biblatex bibliography style (PK/MW)
\c@bbx:relatedcount=\count308
\c@bbx:relatedtotal=\count309
))
Package biblatex Info: Trying to load citation style 'numeric'...
Package biblatex Info: ... file 'numeric.cbx' found.

("C:\Users\Gabrel\AppData\Local\Programs\MiKTeX 2.9\tex\latex\biblatex\cbx\nume
ric.cbx"
File: numeric.cbx 2018/11/02 v3.12 biblatex citation style (PK/MW)
Package biblatex Info: Redefining '\cite'.
Package biblatex Info: Redefining '\parencite'.
Package biblatex Info: Redefining '\footcite'.
Package biblatex Info: Redefining '\footcitetext'.
Package biblatex Info: Redefining '\smartcite'.
Package biblatex Info: Redefining '\supercite'.
Package biblatex Info: Redefining '\textcite'.
Package biblatex Info: Redefining '\textcites'.
Package biblatex Info: Redefining '\cites'.
Package biblatex Info: Redefining '\parencites'.
Package biblatex Info: Redefining '\smartcites'.
)
Package biblatex Info: Trying to load configuration file...
Package biblatex Info: ... file 'biblatex.cfg' found.

("C:\Users\Gabrel\AppData\Local\Programs\MiKTeX 2.9\tex\latex\biblatex\biblatex
.cfg"
File: biblatex.cfg 
))
("C:\Users\Gabrel\AppData\Local\Programs\MiKTeX 2.9\tex\latex\listings\lstlang1
.sty"
File: lstlang1.sty 2018/09/02 1.7 listings language file
)
("C:\Users\Gabrel\AppData\Local\Programs\MiKTeX 2.9\tex\latex\multirow\multirow
.sty"
Package: multirow 2018/08/03 v2.3 Span multiple rows of a table
\multirow@colwidth=\skip69
\multirow@cntb=\count310
\multirow@dima=\skip70
\bigstrutjot=\dimen141
)
("C:\Users\Gabrel\AppData\Local\Programs\MiKTeX 2.9\tex\latex\tools\array.sty"
Package: array 2018/04/30 v2.4h Tabular extension package (FMi)
\col@sep=\dimen142
\ar@mcellbox=\box34
\extrarowheight=\dimen143
\NC@list=\toks30
\extratabsurround=\skip71
\backup@length=\skip72
\ar@cellbox=\box35
)
Package biblatex Info: Trying to load language 'english'...
Package biblatex Info: ... file 'english.lbx' found.

("C:\Users\Gabrel\AppData\Local\Programs\MiKTeX 2.9\tex\latex\biblatex\lbx\engl
ish.lbx"
File: english.lbx 2018/11/02 v3.12 biblatex localization (PK/MW)
)

Package biblatex Warning: 'babel/polyglossia' detected but 'csquotes' missing.
(biblatex)                Loading 'csquotes' recommended.

\@quotelevel=\count311
\@quotereset=\count312
(thesis_template.aux)
\openout1 = `thesis_template.aux'.

LaTeX Font Info:    Checking defaults for OML/cmm/m/it on input line 54.
LaTeX Font Info:    ... okay on input line 54.
LaTeX Font Info:    Checking defaults for T1/cmr/m/n on input line 54.
LaTeX Font Info:    ... okay on input line 54.
LaTeX Font Info:    Checking defaults for OT1/cmr/m/n on input line 54.
LaTeX Font Info:    ... okay on input line 54.
LaTeX Font Info:    Checking defaults for OMS/cmsy/m/n on input line 54.
LaTeX Font Info:    ... okay on input line 54.
LaTeX Font Info:    Checking defaults for OMX/cmex/m/n on input line 54.
LaTeX Font Info:    ... okay on input line 54.
LaTeX Font Info:    Checking defaults for U/cmr/m/n on input line 54.
LaTeX Font Info:    ... okay on input line 54.

*geometry* driver: auto-detecting
*geometry* detected driver: pdftex
*geometry* verbose mode - [ preamble ] result:
* driver: pdftex
* paper: a4paper
* layout: <same size as paper>
* layoutoffset:(h,v)=(0.0pt,0.0pt)
* modes: 
* h-part:(L,W,R)=(71.13188pt, 455.24411pt, 71.13188pt)
* v-part:(T,H,B)=(71.13188pt, 672.50832pt, 101.40665pt)
* \paperwidth=597.50787pt
* \paperheight=845.04684pt
* \textwidth=452.9679pt
* \textheight=670.50687pt
* \oddsidemargin=0.0pt
* \evensidemargin=0.0pt
* \topmargin=0.0pt
* \headheight=0.0pt
* \headsep=0.0pt
* \topskip=12.0pt
* \footskip=30.0pt
* \marginparwidth=35.0pt
* \marginparsep=10.0pt
* \columnsep=10.0pt
* \skip\footins=10.8pt plus 4.0pt minus 2.0pt
* \hoffset=0.0pt
* \voffset=0.0pt
* \mag=1000
* \@twocolumnfalse
* \@twosidefalse
* \@mparswitchfalse
* \@reversemarginfalse
* (1in=72.27pt=25.4mm, 1cm=28.453pt)


("C:\Users\Gabrel\AppData\Local\Programs\MiKTeX 2.9\tex\context\base\supp-pdf.m
kii"
[Loading MPS to PDF converter (version 2006.09.02).]
\scratchcounter=\count313
\scratchdimen=\dimen144
\scratchbox=\box36
\nofMPsegments=\count314
\nofMParguments=\count315
\everyMPshowfont=\toks31
\MPscratchCnt=\count316
\MPscratchDim=\dimen145
\MPnumerator=\count317
\makeMPintoPDFobject=\count318
\everyMPtoPDFconversion=\toks32
)
("C:\Users\Gabrel\AppData\Local\Programs\MiKTeX 2.9\tex\latex\oberdiek\epstopdf
-base.sty"
Package: epstopdf-base 2016/05/15 v2.6 Base part for package epstopdf

("C:\Users\Gabrel\AppData\Local\Programs\MiKTeX 2.9\tex\latex\oberdiek\grfext.s
ty"
Package: grfext 2016/05/16 v1.2 Manage graphics extensions (HO)

("C:\Users\Gabrel\AppData\Local\Programs\MiKTeX 2.9\tex\generic\oberdiek\kvdefi
nekeys.sty"
Package: kvdefinekeys 2016/05/16 v1.4 Define keys (HO)
))
Package epstopdf-base Info: Redefining graphics rule for `.eps' on input line 4
38.
Package grfext Info: Graphics extension search list:
(grfext)             [.pdf,.png,.jpg,.mps,.jpeg,.jbig2,.jb2,.PDF,.PNG,.JPG,.JPE
G,.JBIG2,.JB2,.eps]
(grfext)             \AppendGraphicsExtensions on input line 456.
)
\c@lstlisting=\count319
Package biblatex Info: Input encoding 'utf8' detected.
Package biblatex Info: Automatic encoding selection.
(biblatex)             Assuming data encoding 'utf8'.
\openout3 = `thesis_template.bcf'.

Package biblatex Info: Trying to load bibliographic data...
Package biblatex Info: ... file 'thesis_template.bbl' not found.

No file thesis_template.bbl.
Package biblatex Info: Reference section=0 on input line 54.
Package biblatex Info: Reference segment=0 on input line 54.
<FMI-03.png, id=1, 597.432pt x 597.432pt>
File: FMI-03.png Graphic file (type png)
<use FMI-03.png>
Package pdftex.def Info: FMI-03.png  used on input line 69.
(pdftex.def)             Requested size: 100.0pt x 99.99413pt.
[1


Non-PDF special ignored!
<special> papersize=210mm, 297mm
{C:/Users/Gabrel/AppData/Local/MiKTeX/2.9/pdftex/config/pdftex.map} <./FMI-03.p
ng>] [1] [1] (thesis_template.toc [1

])
\tf@toc=\write4
\openout4 = `thesis_template.toc'.

 [2] (thesis_template.lof)
\tf@lof=\write5
\openout5 = `thesis_template.lof'.

 [3

]
(thesis_template.lot)
\tf@lot=\write6
\openout6 = `thesis_template.lot'.

 [4

]
Chapter 1.

LaTeX Warning: Citation '1' on page 1 undefined on input line 221.


LaTeX Warning: Citation '2' on page 1 undefined on input line 221.


LaTeX Warning: Citation '3' on page 1 undefined on input line 227.


LaTeX Warning: Citation '4' on page 1 undefined on input line 230.


LaTeX Warning: Citation '5' on page 1 undefined on input line 230.

[1

]

LaTeX Warning: Citation '6' on page 2 undefined on input line 236.


LaTeX Warning: Citation '7' on page 2 undefined on input line 239.


LaTeX Warning: Citation '8' on page 2 undefined on input line 239.


LaTeX Warning: Citation '9-12' on page 2 undefined on input line 239.

[2] [3]
<application_outline.png, id=39, 769.37437pt x 656.4525pt>
File: application_outline.png Graphic file (type png)
<use application_outline.png>
Package pdftex.def Info: application_outline.png  used on input line 265.
(pdftex.def)             Requested size: 461.62819pt x 393.87454pt.

Overfull \hbox (8.6603pt too wide) in paragraph at lines 265--267
 [] 
 []

[4 <./application_outline.png>]

LaTeX Warning: Citation '16' on page 5 undefined on input line 279.


LaTeX Warning: Citation '17-19' on page 5 undefined on input line 279.

[5]
Chapter 2.
[6

]
<landsat_search.png, id=50, 988.44281pt x 686.565pt>
File: landsat_search.png Graphic file (type png)
<use landsat_search.png>
Package pdftex.def Info: landsat_search.png  used on input line 305.
(pdftex.def)             Requested size: 494.2202pt x 343.28166pt.

Overfull \hbox (17.62482pt too wide) in paragraph at lines 305--306
[][] 
 []

<Capture.png, id=51, 757.32938pt x 129.48375pt>
File: Capture.png Graphic file (type png)
<use Capture.png>
Package pdftex.def Info: Capture.png  used on input line 312.
(pdftex.def)             Requested size: 552.84586pt x 94.52232pt.

Overfull \hbox (17.62482pt too wide) in paragraph at lines 312--313
[][] 
 []

[7 <./landsat_search.png>]
<sentinel.png, id=56, 954.56625pt x 686.565pt>
File: sentinel.png Graphic file (type png)
<use sentinel.png>
Package pdftex.def Info: sentinel.png  used on input line 328.
(pdftex.def)             Requested size: 515.45811pt x 370.73958pt.

Overfull \hbox (17.62482pt too wide) in paragraph at lines 328--329
[][] 
 []

[8 <./Capture.png>] [9 <./sentinel.png>]
<multi_thread.png, id=66, 266.49562pt x 225.84375pt>
File: multi_thread.png Graphic file (type png)
<use multi_thread.png>
Package pdftex.def Info: multi_thread.png  used on input line 374.
(pdftex.def)             Requested size: 159.89859pt x 135.50728pt.
 [10 <./multi_thread.png>]
<python_call_java_1.png, id=73, 811.53188pt x 215.30438pt>
File: python_call_java_1.png Graphic file (type png)
<use python_call_java_1.png>
Package pdftex.def Info: python_call_java_1.png  used on input line 396.
(pdftex.def)             Requested size: 486.92288pt x 129.18361pt.

Overfull \hbox (51.5798pt too wide) in paragraph at lines 396--398
[][]
 []

<python_call_java_2.png, id=74, 811.53188pt x 426.09187pt>
File: python_call_java_2.png Graphic file (type png)
<use python_call_java_2.png>
Package pdftex.def Info: python_call_java_2.png  used on input line 402.
(pdftex.def)             Requested size: 486.92288pt x 255.65709pt.

Overfull \hbox (51.5798pt too wide) in paragraph at lines 402--403
[][] 
 []

LaTeX Font Info:    Try loading font information for OMS+cmr on input line 409.

("C:\Users\Gabrel\AppData\Local\Programs\MiKTeX 2.9\tex\latex\base\omscmr.fd"
File: omscmr.fd 2014/09/29 v2.5h Standard LaTeX font definitions
)
LaTeX Font Info:    Font shape `OMS/cmr/m/n' in size <12> not available
(Font)              Font shape `OMS/cmsy/m/n' tried instead on input line 409.

[11 <./python_call_java_1.png> <./python_call_java_2.png>] [12] [13] [14]
[15]
Chapter 3.
[16

] [17] [18]
Chapter 4.
[19

]
Chapter 5.
[20

] [21

] [22] [23] (thesis_template.aux)

LaTeX Warning: There were undefined references.


Package biblatex Warning: Please (re)run Biber on the file:
(biblatex)                thesis_template
(biblatex)                and rerun LaTeX afterwards.

Package logreq Info: Writing requests to 'thesis_template.run.xml'.
\openout1 = `thesis_template.run.xml'.

 ) 
Here is how much of TeX's memory you used:
 12507 strings out of 492970
 212505 string characters out of 3126149
 652352 words of memory out of 3000000
 16190 multiletter control sequences out of 15000+200000
 10679 words of font info for 38 fonts, out of 3000000 for 9000
 1141 hyphenation exceptions out of 8191
 40i,7n,72p,1353b,1701s stack positions out of 5000i,500n,10000p,200000b,50000s
<C:/Users/Gabrel/AppData/Local/Programs/MiKTeX 2.9/fonts/type1/public/amsfont
s/cm/cmbx12.pfb><C:/Users/Gabrel/AppData/Local/Programs/MiKTeX 2.9/fonts/type1/
public/amsfonts/cm/cmcsc10.pfb><C:/Users/Gabrel/AppData/Local/Programs/MiKTeX 2
.9/fonts/type1/public/amsfonts/cm/cmmi12.pfb><C:/Users/Gabrel/AppData/Local/Pro
grams/MiKTeX 2.9/fonts/type1/public/amsfonts/cm/cmr12.pfb><C:/Users/Gabrel/AppD
ata/Local/Programs/MiKTeX 2.9/fonts/type1/public/amsfonts/cm/cmr17.pfb><C:/User
s/Gabrel/AppData/Local/Programs/MiKTeX 2.9/fonts/type1/public/amsfonts/cm/cmr8.
pfb><C:/Users/Gabrel/AppData/Local/Programs/MiKTeX 2.9/fonts/type1/public/amsfo
nts/cm/cmsy10.pfb>
Output written on thesis_template.pdf (30 pages, 3137857 bytes).
PDF statistics:
 141 PDF objects out of 1000 (max. 8388607)
 0 named destinations out of 1000 (max. 500000)
 41 words of extra memory for PDF output out of 10000 (max. 10000000)

